# JRE version: Java(TM) SE Runtime Environment (17.0.12+8) (build 17.0.12+8-LTS-286)
# Java VM: Java HotSpot(TM) 64-Bit Server VM (17.0.12+8-LTS-286, mixed mode, sharing, tiered, compressed oops, compressed class ptrs, g1 gc, windows-amd64)
GC Precious Log:
 CPUs: 22 total, 22 available
 Memory: 32432M
 Large Page Support: Disabled
 NUMA Support: Disabled
 Compressed Oops: Enabled (Zero based)
 Heap Region Size: 4M
 Heap Min Capacity: 8M
 Heap Initial Capacity: 508M
 Heap Max Capacity: 8112M
 Pre-touch: Disabled
 Parallel Workers: 16
 Concurrent Workers: 4
 Concurrent Refinement Workers: 16
 Periodic GC: Disabled
Heap:
 garbage-first heap   total 1560576K, used 669270K [0x0000000605000000, 0x0000000800000000)
  region size 4096K, 3 young (12288K), 3 survivors (12288K)
 Metaspace       used 576K, committed 768K, reserved 1114112K
  class space    used 43K, committed 128K, reserved 1048576K
GC Heap History (17 events):
Event: 0.983 GC heap before
{Heap before GC invocations=0 (full 0):
 garbage-first heap   total 520192K, used 28672K [0x0000000605000000, 0x0000000800000000)
  region size 4096K, 6 young (24576K), 0 survivors (0K)
 Metaspace       used 576K, committed 768K, reserved 1114112K
  class space    used 43K, committed 128K, reserved 1048576K
}
Event: 1.004 GC heap after
{Heap after GC invocations=1 (full 0):
 garbage-first heap   total 520192K, used 26634K [0x0000000605000000, 0x0000000800000000)
  region size 4096K, 1 young (4096K), 1 survivors (4096K)
 Metaspace       used 576K, committed 768K, reserved 1114112K
  class space    used 43K, committed 128K, reserved 1048576K
}
Event: 1.028 GC heap before
{Heap before GC invocations=1 (full 0):
 garbage-first heap   total 520192K, used 63498K [0x0000000605000000, 0x0000000800000000)
  region size 4096K, 6 young (24576K), 1 survivors (4096K)
 Metaspace       used 576K, committed 768K, reserved 1114112K
  class space    used 43K, committed 128K, reserved 1048576K
}
Event: 1.046 GC heap after
{Heap after GC invocations=2 (full 0):
 garbage-first heap   total 520192K, used 64990K [0x0000000605000000, 0x0000000800000000)
  region size 4096K, 1 young (4096K), 1 survivors (4096K)
 Metaspace       used 576K, committed 768K, reserved 1114112K
  class space    used 43K, committed 128K, reserved 1048576K
}
Event: 1.065 GC heap before
{Heap before GC invocations=2 (full 0):
 garbage-first heap   total 520192K, used 97758K [0x0000000605000000, 0x0000000800000000)
  region size 4096K, 6 young (24576K), 1 survivors (4096K)
 Metaspace       used 576K, committed 768K, reserved 1114112K
  class space    used 43K, committed 128K, reserved 1048576K
}
Event: 1.081 GC heap after
{Heap after GC invocations=3 (full 0):
 garbage-first heap   total 520192K, used 99878K [0x0000000605000000, 0x0000000800000000)
  region size 4096K, 1 young (4096K), 1 survivors (4096K)
 Metaspace       used 576K, committed 768K, reserved 1114112K
  class space    used 43K, committed 128K, reserved 1048576K
}
Event: 1.102 GC heap before
{Heap before GC invocations=3 (full 0):
 garbage-first heap   total 520192K, used 136742K [0x0000000605000000, 0x0000000800000000)
  region size 4096K, 6 young (24576K), 1 survivors (4096K)
 Metaspace       used 576K, committed 768K, reserved 1114112K
  class space    used 43K, committed 128K, reserved 1048576K
}
Event: 1.118 GC heap after
{Heap after GC invocations=4 (full 0):
 garbage-first heap   total 520192K, used 138845K [0x0000000605000000, 0x0000000800000000)
  region size 4096K, 1 young (4096K), 1 survivors (4096K)
 Metaspace       used 576K, committed 768K, reserved 1114112K
  class space    used 43K, committed 128K, reserved 1048576K
}
Event: 1.150 GC heap before
{Heap before GC invocations=4 (full 0):
 garbage-first heap   total 520192K, used 192093K [0x0000000605000000, 0x0000000800000000)
  region size 4096K, 8 young (32768K), 1 survivors (4096K)
 Metaspace       used 576K, committed 768K, reserved 1114112K
  class space    used 43K, committed 128K, reserved 1048576K
}
Event: 1.173 GC heap after
{Heap after GC invocations=5 (full 0):
 garbage-first heap   total 1560576K, used 194547K [0x0000000605000000, 0x0000000800000000)
  region size 4096K, 1 young (4096K), 1 survivors (4096K)
 Metaspace       used 576K, committed 768K, reserved 1114112K
  class space    used 43K, committed 128K, reserved 1048576K
}
Event: 1.252 GC heap before
{Heap before GC invocations=5 (full 0):
 garbage-first heap   total 1560576K, used 305139K [0x0000000605000000, 0x0000000800000000)
  region size 4096K, 19 young (77824K), 1 survivors (4096K)
 Metaspace       used 576K, committed 768K, reserved 1114112K
  class space    used 43K, committed 128K, reserved 1048576K
}
Event: 1.290 GC heap after
{Heap after GC invocations=6 (full 0):
 garbage-first heap   total 1560576K, used 307532K [0x0000000605000000, 0x0000000800000000)
  region size 4096K, 3 young (12288K), 3 survivors (12288K)
 Metaspace       used 576K, committed 768K, reserved 1114112K
  class space    used 43K, committed 128K, reserved 1048576K
}
Event: 1.362 GC heap before
{Heap before GC invocations=6 (full 0):
 garbage-first heap   total 1560576K, used 430412K [0x0000000605000000, 0x0000000800000000)
  region size 4096K, 19 young (77824K), 3 survivors (12288K)
 Metaspace       used 576K, committed 768K, reserved 1114112K
  class space    used 43K, committed 128K, reserved 1048576K
}
Event: 1.399 GC heap after
{Heap after GC invocations=7 (full 0):
 garbage-first heap   total 1560576K, used 438272K [0x0000000605000000, 0x0000000800000000)
  region size 4096K, 3 young (12288K), 3 survivors (12288K)
 Metaspace       used 576K, committed 768K, reserved 1114112K
  class space    used 43K, committed 128K, reserved 1048576K
}
Event: 1.435 GC heap before
{Heap before GC invocations=7 (full 0):
 garbage-first heap   total 1560576K, used 503808K [0x0000000605000000, 0x0000000800000000)
  region size 4096K, 19 young (77824K), 3 survivors (12288K)
 Metaspace       used 576K, committed 768K, reserved 1114112K
  class space    used 43K, committed 128K, reserved 1048576K
}
Event: 1.463 GC heap after
{Heap after GC invocations=8 (full 0):
 garbage-first heap   total 1560576K, used 511057K [0x0000000605000000, 0x0000000800000000)
  region size 4096K, 3 young (12288K), 3 survivors (12288K)
 Metaspace       used 576K, committed 768K, reserved 1114112K
  class space    used 43K, committed 128K, reserved 1048576K
}
Event: 1.549 GC heap before
{Heap before GC invocations=8 (full 0):
 garbage-first heap   total 1560576K, used 662609K [0x0000000605000000, 0x0000000800000000)
  region size 4096K, 19 young (77824K), 3 survivors (12288K)
 Metaspace       used 576K, committed 768K, reserved 1114112K
  class space    used 43K, committed 128K, reserved 1048576K
}

