# JRE version: Java(TM) SE Runtime Environment (17.0.12+8) (build 17.0.12+8-LTS-286)
# Java VM: Java HotSpot(TM) 64-Bit Server VM (17.0.12+8-LTS-286, mixed mode, sharing, tiered, compressed oops, compressed class ptrs, g1 gc, windows-amd64)
GC Precious Log:
 CPUs: 22 total, 22 available
 Memory: 32432M
 Large Page Support: Disabled
 NUMA Support: Disabled
 Compressed Oops: Enabled (Zero based)
 Heap Region Size: 4M
 Heap Min Capacity: 8M
 Heap Initial Capacity: 508M
 Heap Max Capacity: 8112M
 Pre-touch: Disabled
 Parallel Workers: 16
 Concurrent Workers: 4
 Concurrent Refinement Workers: 16
 Periodic GC: Disabled
Heap:
 garbage-first heap   total 1560576K, used 661078K [0x0000000605000000, 0x0000000800000000)
  region size 4096K, 3 young (12288K), 3 survivors (12288K)
 Metaspace       used 593K, committed 768K, reserved 1114112K
  class space    used 43K, committed 128K, reserved 1048576K
GC Heap History (17 events):
Event: 1.732 GC heap before
{Heap before GC invocations=0 (full 0):
 garbage-first heap   total 520192K, used 28672K [0x0000000605000000, 0x0000000800000000)
  region size 4096K, 6 young (24576K), 0 survivors (0K)
 Metaspace       used 593K, committed 768K, reserved 1114112K
  class space    used 43K, committed 128K, reserved 1048576K
}
Event: 1.751 GC heap after
{Heap after GC invocations=1 (full 0):
 garbage-first heap   total 520192K, used 25632K [0x0000000605000000, 0x0000000800000000)
  region size 4096K, 1 young (4096K), 1 survivors (4096K)
 Metaspace       used 593K, committed 768K, reserved 1114112K
  class space    used 43K, committed 128K, reserved 1048576K
}
Event: 1.774 GC heap before
{Heap before GC invocations=1 (full 0):
 garbage-first heap   total 520192K, used 62496K [0x0000000605000000, 0x0000000800000000)
  region size 4096K, 6 young (24576K), 1 survivors (4096K)
 Metaspace       used 593K, committed 768K, reserved 1114112K
  class space    used 43K, committed 128K, reserved 1048576K
}
Event: 1.794 GC heap after
{Heap after GC invocations=2 (full 0):
 garbage-first heap   total 520192K, used 63650K [0x0000000605000000, 0x0000000800000000)
  region size 4096K, 1 young (4096K), 1 survivors (4096K)
 Metaspace       used 593K, committed 768K, reserved 1114112K
  class space    used 43K, committed 128K, reserved 1048576K
}
Event: 1.812 GC heap before
{Heap before GC invocations=2 (full 0):
 garbage-first heap   total 520192K, used 96418K [0x0000000605000000, 0x0000000800000000)
  region size 4096K, 6 young (24576K), 1 survivors (4096K)
 Metaspace       used 593K, committed 768K, reserved 1114112K
  class space    used 43K, committed 128K, reserved 1048576K
}
Event: 1.828 GC heap after
{Heap after GC invocations=3 (full 0):
 garbage-first heap   total 520192K, used 97938K [0x0000000605000000, 0x0000000800000000)
  region size 4096K, 1 young (4096K), 1 survivors (4096K)
 Metaspace       used 593K, committed 768K, reserved 1114112K
  class space    used 43K, committed 128K, reserved 1048576K
}
Event: 1.849 GC heap before
{Heap before GC invocations=3 (full 0):
 garbage-first heap   total 520192K, used 134802K [0x0000000605000000, 0x0000000800000000)
  region size 4096K, 6 young (24576K), 1 survivors (4096K)
 Metaspace       used 593K, committed 768K, reserved 1114112K
  class space    used 43K, committed 128K, reserved 1048576K
}
Event: 1.866 GC heap after
{Heap after GC invocations=4 (full 0):
 garbage-first heap   total 520192K, used 137501K [0x0000000605000000, 0x0000000800000000)
  region size 4096K, 1 young (4096K), 1 survivors (4096K)
 Metaspace       used 593K, committed 768K, reserved 1114112K
  class space    used 43K, committed 128K, reserved 1048576K
}
Event: 1.898 GC heap before
{Heap before GC invocations=4 (full 0):
 garbage-first heap   total 520192K, used 190749K [0x0000000605000000, 0x0000000800000000)
  region size 4096K, 8 young (32768K), 1 survivors (4096K)
 Metaspace       used 593K, committed 768K, reserved 1114112K
  class space    used 43K, committed 128K, reserved 1048576K
}
Event: 1.923 GC heap after
{Heap after GC invocations=5 (full 0):
 garbage-first heap   total 1560576K, used 192851K [0x0000000605000000, 0x0000000800000000)
  region size 4096K, 1 young (4096K), 1 survivors (4096K)
 Metaspace       used 593K, committed 768K, reserved 1114112K
  class space    used 43K, committed 128K, reserved 1048576K
}
Event: 2.002 GC heap before
{Heap before GC invocations=5 (full 0):
 garbage-first heap   total 1560576K, used 303443K [0x0000000605000000, 0x0000000800000000)
  region size 4096K, 19 young (77824K), 1 survivors (4096K)
 Metaspace       used 593K, committed 768K, reserved 1114112K
  class space    used 43K, committed 128K, reserved 1048576K
}
Event: 2.049 GC heap after
{Heap after GC invocations=6 (full 0):
 garbage-first heap   total 1560576K, used 306092K [0x0000000605000000, 0x0000000800000000)
  region size 4096K, 3 young (12288K), 3 survivors (12288K)
 Metaspace       used 593K, committed 768K, reserved 1114112K
  class space    used 43K, committed 128K, reserved 1048576K
}
Event: 2.123 GC heap before
{Heap before GC invocations=6 (full 0):
 garbage-first heap   total 1560576K, used 428972K [0x0000000605000000, 0x0000000800000000)
  region size 4096K, 19 young (77824K), 3 survivors (12288K)
 Metaspace       used 593K, committed 768K, reserved 1114112K
  class space    used 43K, committed 128K, reserved 1048576K
}
Event: 2.172 GC heap after
{Heap after GC invocations=7 (full 0):
 garbage-first heap   total 1560576K, used 433565K [0x0000000605000000, 0x0000000800000000)
  region size 4096K, 3 young (12288K), 3 survivors (12288K)
 Metaspace       used 593K, committed 768K, reserved 1114112K
  class space    used 43K, committed 128K, reserved 1048576K
}
Event: 2.207 GC heap before
{Heap before GC invocations=7 (full 0):
 garbage-first heap   total 1560576K, used 499101K [0x0000000605000000, 0x0000000800000000)
  region size 4096K, 19 young (77824K), 3 survivors (12288K)
 Metaspace       used 593K, committed 768K, reserved 1114112K
  class space    used 43K, committed 128K, reserved 1048576K
}
Event: 2.243 GC heap after
{Heap after GC invocations=8 (full 0):
 garbage-first heap   total 1560576K, used 503653K [0x0000000605000000, 0x0000000800000000)
  region size 4096K, 3 young (12288K), 3 survivors (12288K)
 Metaspace       used 593K, committed 768K, reserved 1114112K
  class space    used 43K, committed 128K, reserved 1048576K
}
Event: 2.321 GC heap before
{Heap before GC invocations=8 (full 0):
 garbage-first heap   total 1560576K, used 655205K [0x0000000605000000, 0x0000000800000000)
  region size 4096K, 19 young (77824K), 3 survivors (12288K)
 Metaspace       used 593K, committed 768K, reserved 1114112K
  class space    used 43K, committed 128K, reserved 1048576K
}

